<?xml version="1.0" encoding="UTF-8"?>
<!-- Generated by org.testng.reporters.JUnitReportReporter -->
<testsuite hostname="no-PC" name="com.automation.nopecommerce.tests.SearchForProductTest" tests="1" failures="0" timestamp="7 Jan 2023 12:24:53 GMT" time="4.001" errors="0">
  <testcase name="usersearcForProduct" time="4.001" classname="com.automation.nopecommerce.tests.SearchForProductTest"/>
</testsuite> <!-- com.automation.nopecommerce.tests.SearchForProductTest -->
