<?xml version="1.0" encoding="UTF-8"?>
<!-- Generated by org.testng.reporters.JUnitReportReporter -->
<testsuite hostname="no-PC" name="com.automation.nopecommerce.tests.RegistrationTest" tests="1" failures="0" timestamp="7 Jan 2023 12:24:53 GMT" time="11.905" errors="0">
  <testcase name="userRegisterSuccessfully" time="11.905" classname="com.automation.nopecommerce.tests.RegistrationTest"/>
</testsuite> <!-- com.automation.nopecommerce.tests.RegistrationTest -->
