<?xml version="1.0" encoding="UTF-8"?>
<!-- Generated by org.testng.reporters.JUnitReportReporter -->
<testsuite hostname="no-PC" name="com.automation.nopecommerce.AutomationTask.CheckoutForProductTest" tests="1" failures="0" timestamp="6 Jan 2023 22:06:11 GMT" time="10.011" errors="0">
  <testcase name="userCheckoutForOrder" time="10.011" classname="com.automation.nopecommerce.AutomationTask.CheckoutForProductTest"/>
</testsuite> <!-- com.automation.nopecommerce.AutomationTask.CheckoutForProductTest -->
