<?xml version="1.0" encoding="UTF-8"?>
<!-- Generated by org.testng.reporters.JUnitReportReporter -->
<testsuite hostname="no-PC" name="com.automation.nopecommerce.AutomationTask.RegistrationTest" tests="1" failures="0" timestamp="6 Jan 2023 22:06:11 GMT" time="6.430" errors="0">
  <testcase name="userRegisterSuccessfully" time="6.430" classname="com.automation.nopecommerce.AutomationTask.RegistrationTest"/>
</testsuite> <!-- com.automation.nopecommerce.AutomationTask.RegistrationTest -->
