<?xml version="1.0" encoding="UTF-8"?>
<!-- Generated by org.testng.reporters.JUnitReportReporter -->
<testsuite hostname="no-PC" name="com.automation.nopecommerce.AutomationTask.LoginTest" tests="1" failures="0" timestamp="4 Jan 2023 21:39:59 GMT" time="0.652" errors="0">
  <testcase name="userLoginSuccessfully" time="0.652" classname="com.automation.nopecommerce.AutomationTask.LoginTest"/>
</testsuite> <!-- com.automation.nopecommerce.AutomationTask.LoginTest -->
