<?xml version="1.0" encoding="UTF-8"?>
<!-- Generated by org.testng.reporters.JUnitReportReporter -->
<testsuite hostname="no-PC" name="com.automation.nopecommerce.AutomationTask.ProductDetailsTest" tests="1" failures="0" timestamp="6 Jan 2023 22:06:11 GMT" time="0.616" errors="0">
  <testcase name="addProductToshoppingCart" time="0.616" classname="com.automation.nopecommerce.AutomationTask.ProductDetailsTest"/>
</testsuite> <!-- com.automation.nopecommerce.AutomationTask.ProductDetailsTest -->
