<?xml version="1.0" encoding="UTF-8"?>
<!-- Generated by org.testng.reporters.JUnitReportReporter -->
<testsuite hostname="no-PC" name="com.automation.nopecommerce.tests.ProductDetailsTest" tests="1" failures="0" timestamp="7 Jan 2023 12:24:53 GMT" time="1.707" errors="0">
  <testcase name="addProductToshoppingCart" time="1.707" classname="com.automation.nopecommerce.tests.ProductDetailsTest"/>
</testsuite> <!-- com.automation.nopecommerce.tests.ProductDetailsTest -->
