<?xml version="1.0" encoding="UTF-8"?>
<!-- Generated by org.testng.reporters.JUnitReportReporter -->
<testsuite hostname="no-PC" name="com.automation.nopecommerce.tests.CheckoutForProductTest" tests="1" failures="0" timestamp="7 Jan 2023 12:24:52 GMT" time="7.842" errors="0">
  <testcase name="userCheckoutForOrder" time="7.842" classname="com.automation.nopecommerce.tests.CheckoutForProductTest"/>
</testsuite> <!-- com.automation.nopecommerce.tests.CheckoutForProductTest -->
