<?xml version="1.0" encoding="UTF-8"?>
<!-- Generated by org.testng.reporters.JUnitReportReporter -->
<testsuite hostname="no-PC" name="com.automation.nopecommerce.AutomationTask.SearchForProductTest" tests="1" failures="0" timestamp="6 Jan 2023 22:06:11 GMT" time="6.412" errors="0">
  <testcase name="usersearcForProduct" time="6.412" classname="com.automation.nopecommerce.AutomationTask.SearchForProductTest"/>
</testsuite> <!-- com.automation.nopecommerce.AutomationTask.SearchForProductTest -->
